

Started GET "/" for ::1 at 2016-04-28 10:13:02 -0400
Processing by PokemonController#index as HTML
  Rendered pokemon/index.html.erb within layouts/application (13.0ms)
Completed 200 OK in 4888ms (Views: 3184.3ms | ActiveRecord: 0.0ms)


Started GET "/assets/twitter-bootstrap-static/bootstrap.self-77d963462a71b85aa6c39f0110994006fed4301154d937da52eb3884ff813853.css?body=1" for ::1 at 2016-04-28 10:13:07 -0400


Started GET "/assets/twitter-bootstrap-static/fontawesome.self-c1a8821f7eb1b195061d7706930814ecc6bd44db4c68f208da5fe14845fa11ea.css?body=1" for ::1 at 2016-04-28 10:13:08 -0400


Started GET "/assets/bootstrap_and_overrides.self-2cb3834583dfbaf0a39c7139750bf963e05d79cbe811126997e013400be5d8dc.css?body=1" for ::1 at 2016-04-28 10:13:08 -0400


Started GET "/assets/pokemon.self-28c2f2b0829a5082431dc3bc4ac32d8eb049952cebee329cf9567f7a7af824c5.css?body=1" for ::1 at 2016-04-28 10:13:08 -0400


Started GET "/assets/pokemon_api.self-e3b0c44298fc1c149afbf4c8996fb92427ae41e4649b934ca495991b7852b855.css?body=1" for ::1 at 2016-04-28 10:13:08 -0400


Started GET "/assets/application.self-e80e8f2318043e8af94dddc2adad5a4f09739a8ebb323b3ab31cd71d45fd9113.css?body=1" for ::1 at 2016-04-28 10:13:08 -0400


Started GET "/assets/jquery.self-a714331225dda820228db323939889f149aec0127aeb06255646b616ba1ca419.js?body=1" for ::1 at 2016-04-28 10:13:08 -0400


Started GET "/assets/jquery_ujs.self-d456baa54c1fa6be2ec3711f0a72ddf7a5b2f34a6b4f515f33767d6207b7d4b3.js?body=1" for ::1 at 2016-04-28 10:13:08 -0400


Started GET "/assets/twitter/bootstrap/transition.self-db278e3a8fa6249c16796b113ebd29e11ef4e2cd021618ed84895d524a4511e0.js?body=1" for ::1 at 2016-04-28 10:13:08 -0400


Started GET "/assets/twitter/bootstrap/alert.self-ebce91ec66c71bcee451ea7da9128fd1bf8faa02c6d22ea04c598423431e4c08.js?body=1" for ::1 at 2016-04-28 10:13:08 -0400


Started GET "/assets/twitter/bootstrap/modal.self-ab1767545e27c0dbd36971e656ae4927171f673e3d932cdec2cbef39e991952b.js?body=1" for ::1 at 2016-04-28 10:13:08 -0400


Started GET "/assets/twitter/bootstrap/dropdown.self-8bb9309b6c24a4ba6b94026a049d25b13bdc0553b6fe83255c14a715ba624cc4.js?body=1" for ::1 at 2016-04-28 10:13:08 -0400


Started GET "/assets/twitter/bootstrap/scrollspy.self-bd0c6724cdc75302fe98dfeff923112b76c1673cf4a0752a7050b7feea15594c.js?body=1" for ::1 at 2016-04-28 10:13:08 -0400


Started GET "/assets/application.self-3b8dabdc891efe46b9a144b400ad69e37d7e5876bdc39dee783419a69d7ca819.js?body=1" for ::1 at 2016-04-28 10:13:08 -0400


Started GET "/assets/twitter/bootstrap/tab.self-7e3ee4a243bb416b5f0111a0be08f8547c5d72ba71fe4afe4a4a007f5cb4e10e.js?body=1" for ::1 at 2016-04-28 10:13:08 -0400


Started GET "/assets/twitter/bootstrap/tooltip.self-d7f9330825307d053f68da11bb9ddc9b070df72deef3d115f2f3d55f66b17457.js?body=1" for ::1 at 2016-04-28 10:13:09 -0400


Started GET "/assets/twitter/bootstrap/popover.self-cd672ecad3b549e1dbd89bfd044e5812d6fdade56f42d48e3acee0c3f4614526.js?body=1" for ::1 at 2016-04-28 10:13:09 -0400


Started GET "/assets/twitter/bootstrap/button.self-ceb562de883e04359bb2c06f07bdf6ecf065cc8a5027e2e58857c5e91b0b68e3.js?body=1" for ::1 at 2016-04-28 10:13:09 -0400


Started GET "/assets/twitter/bootstrap/collapse.self-a87553101c955a01e2e8c81fad69a16582ddbf58fe95d5eb335dde5567af7647.js?body=1" for ::1 at 2016-04-28 10:13:09 -0400


Started GET "/assets/twitter/bootstrap/carousel.self-5d09995e01b647168888180d40e271f9a6759d68ae7ac029d7026af58813d376.js?body=1" for ::1 at 2016-04-28 10:13:09 -0400


Started GET "/assets/twitter/bootstrap/affix.self-14e04bbe71282aa039322ab93e3a3a886ddede5f59a2f365f7c861f697bbeb21.js?body=1" for ::1 at 2016-04-28 10:13:09 -0400


Started GET "/assets/twitter/bootstrap.self-fbfa5ad7d9aa0afe439ec4ff3883acc4cb92b62cb67c40d674320c9aa1d4642d.js?body=1" for ::1 at 2016-04-28 10:13:09 -0400


Started GET "/assets/bootstrap.self-5afe7e91ef3675e2be97b8d060a7f3755d6dbc615b76df476df55143da70679f.js?body=1" for ::1 at 2016-04-28 10:13:09 -0400


Started GET "/assets/pokemon.self-19a187bec6cdb96d6de80a61c16c857c613536adf9138476bd367db38d282635.js?body=1" for ::1 at 2016-04-28 10:13:09 -0400


Started GET "/assets/pokemon_solid-webfont.woff2" for ::1 at 2016-04-28 10:13:09 -0400
